<?xml version="1.0" encoding="UTF-8"?>
<!-- Generated by org.testng.reporters.JUnitReportReporter -->
<testsuite hostname="DESKTOP-3AG1JR3" name="Open" tests="1" failures="0" timestamp="26 Apr 2019 20:18:50 GMT" time="14.908" errors="0">
  <testcase name="OpenOv" time="14.908" classname="Open"/>
</testsuite> <!-- Open -->
